[2026-01-27 18:19:33] Downloading file: patch.dat
[2026-01-27 18:19:33] Download complete             
[2026-01-27 18:19:33] Current install is up-to-date
[2026-01-27 18:19:33] Downloading file: patch_maps_list_zh.dat
[2026-01-27 18:19:33] Http server time received: 2026-01-27 18:19:34
[2026-01-27 18:19:34] Download complete             
[2026-01-27 18:19:34] Downloading file: patch_maps_1v1_zh.dat
[2026-01-27 18:19:34] Download complete             
[2026-01-27 18:19:34] Download and install 0 file(s) . . .
[2026-01-27 18:19:34] Current install is up-to-date
[2026-01-27 18:19:34] Downloading file: patch_maps_2v2_zh.dat
[2026-01-27 18:19:35] Download complete             
[2026-01-27 18:19:35] Download and install 0 file(s) . . .
[2026-01-27 18:19:35] Current install is up-to-date
[2026-01-27 18:19:35] Downloading file: patch_maps_3v3_zh.dat
[2026-01-27 18:19:35] Download complete             
[2026-01-27 18:19:35] Download and install 0 file(s) . . .
[2026-01-27 18:19:35] Current install is up-to-date
[2026-01-27 18:19:35] Downloading file: maps/patch_maps2024_1v1_zh.dat
[2026-01-27 18:19:36] Download complete             
[2026-01-27 18:19:36] Download and install 0 file(s) . . .
[2026-01-27 18:19:36] Current install is up-to-date
[2026-01-27 18:19:36] Downloading file: maps/patch_maps2024_2v2_zh.dat
[2026-01-27 18:19:36] Download complete             
[2026-01-27 18:19:36] Download and install 0 file(s) . . .
[2026-01-27 18:19:36] Current install is up-to-date
[2026-01-27 18:19:36] Downloading file: maps/patch_maps2024_3v3_zh.dat
[2026-01-27 18:19:36] Download complete             
[2026-01-27 18:19:36] Download and install 0 file(s) . . .
[2026-01-27 18:19:36] Current install is up-to-date
[2026-01-27 18:19:36] Downloading file: maps/patch_maps2024_4v4_zh.dat
[2026-01-27 18:19:37] Download complete             
[2026-01-27 18:19:37] Download and install 0 file(s) . . .
[2026-01-27 18:19:37] Current install is up-to-date
[2026-01-27 19:40:57] Session End - Log will be erased next game launch!
