[22:32:26][gfx_dx9.cpp:4485]: Loading settings for adapter -1, fullscreen=0, multisample=15
[22:32:26][gfx_dx9.cpp:4526]: Graphic Adapters: 
[22:32:26][gfx_dx9.cpp:4534]: 	0: NVIDIA GeForce RTX 3060 Laptop GPU
[22:32:26][gfx_dx9.cpp:4556]: Using Adapter [0] to check for multi-sampling support:
[22:32:26][gfx_dx9.cpp:4579]: Using Adapter [0]:
[22:32:26][gfx_dx9.cpp:4590]: Succeeded to create a device [D3DCREATE_HARDWARE_VERTEXPROCESSING].
[22:32:26][gfx_dx9.cpp:4640]: Graphics device: NVIDIA GeForce RTX 3060 Laptop GPU
[22:32:26][gfx_dx9.cpp:4641]: Graphics driver: nvldumdx.dll
[22:32:26][gfx_dx9.cpp:4642]: Driver version: 9159
[22:32:26][gfx_dx9.cpp:4657]: 


Dumping all gfx info:
DeviceIdentifier:	{D7B71E3E-6660-11CF-2F54-2B350EC2ED35}
VendorId:	4318
DeviceId:	9504
SubSysId:	354686040
Revision:	161
DriverVersion.HighPart:	2097152
DriverVersion.LowPart:	992199


[22:32:26][gfx_dx9.cpp:4680]: Instancing supported.
[22:32:26][gfx_dx9.cpp:4730]: Video memory amount: 4095MB
[22:32:26][gfx_dx9.cpp:4731]: MaxSimultaneousTextures: 8
[22:32:26][gfx_dx9.cpp:4732]: MaxVertexBlendMatrices: 4
[22:32:26][gfx_dx9.cpp:4733]: MaxVertexBlendMatrixIndex: 8
[22:32:26][gfx_dx9.cpp:4734]: MaxSimultaneousTextures: 8
[22:32:26][gfx_dx9.cpp:4735]: MaxTextureBlendStages: 8
[22:32:26][gfx_dx9.cpp:4736]: MaxTextureWidth: 16384
[22:32:26][gfx_dx9.cpp:4737]: MaxTextureHeight: 16384
[22:32:26][gfx_dx9.cpp:4740]: Vertex Shader version: 3.0
[22:32:26][gfx_dx9.cpp:4746]: Pixel Shader version: 3.0
[22:32:26][graphicssettings.cpp:165]: 	2 samples supported.
[22:32:26][graphicssettings.cpp:165]: 	4 samples supported.
[22:32:26][graphicssettings.cpp:165]: 	8 samples supported.
[22:32:26][graphicssettings.cpp:201]: Support for Anisotropic filtering found.
[22:32:26][graphicssettings.cpp:205]: 	Max Anisotropic filtering supported: 16
[22:32:26][graphicssettings.cpp:206]: 	Anisotropic filtering set to: 16
[22:32:28][pdx_audio_sdl.cpp:110]: [0] Audio device: ASUS VP249 (NVIDIA High Definition Audio)
[22:32:28][pdx_audio_sdl.cpp:110]: [1] Audio device: Speakers (Realtek(R) Audio)
[22:32:28][pdx_audio_sdl.cpp:117]: [0] Audio driver: wasapi
[22:32:28][pdx_audio_sdl.cpp:117]: [1] Audio driver: directsound
[22:32:28][pdx_audio_sdl.cpp:117]: [2] Audio driver: winmm
[22:32:28][pdx_audio_sdl.cpp:117]: [3] Audio driver: disk
[22:32:28][pdx_audio_sdl.cpp:117]: [4] Audio driver: dummy
[22:32:28][pdx_audio_sdl.cpp:142]: Current audio driver: wasapi
[22:32:28][pdx_audio_sdl.cpp:149]: 
	Frequency: 44100
	Format: 32784
	Channels: 2
	Samples: 1024
[22:32:29][graphicssettings.cpp:774]: Using multisampling: 4
[22:32:29][graphics.cpp:799]: Creating device with: HARDWARE_VERTEXPROCESSING
	Fullscreen=no
	Resolution=1920x1080
[22:32:29][graphicssettings.cpp:741]: Usable res: 640 480 60
[22:32:29][graphicssettings.cpp:741]: Usable res: 640 480 72
[22:32:29][graphicssettings.cpp:741]: Usable res: 640 480 75
[22:32:29][graphicssettings.cpp:741]: Usable res: 640 480 100
[22:32:29][graphicssettings.cpp:741]: Usable res: 640 480 120
[22:32:29][graphicssettings.cpp:741]: Usable res: 640 480 59
[22:32:29][graphicssettings.cpp:741]: Usable res: 640 480 119
[22:32:29][graphicssettings.cpp:741]: Usable res: 640 480 144
[22:32:29][graphicssettings.cpp:741]: Usable res: 720 480 60
[22:32:29][graphicssettings.cpp:741]: Usable res: 720 480 100
[22:32:29][graphicssettings.cpp:741]: Usable res: 720 480 120
[22:32:29][graphicssettings.cpp:741]: Usable res: 720 480 59
[22:32:29][graphicssettings.cpp:741]: Usable res: 720 480 119
[22:32:30][graphicssettings.cpp:741]: Usable res: 720 480 144
[22:32:30][graphicssettings.cpp:741]: Usable res: 720 576 50
[22:32:30][graphicssettings.cpp:741]: Usable res: 720 576 100
[22:32:30][graphicssettings.cpp:741]: Usable res: 720 576 120
[22:32:30][graphicssettings.cpp:741]: Usable res: 720 576 119
[22:32:30][graphicssettings.cpp:741]: Usable res: 720 576 144
[22:32:30][graphicssettings.cpp:741]: Usable res: 800 600 75
[22:32:30][graphicssettings.cpp:741]: Usable res: 800 600 100
[22:32:30][graphicssettings.cpp:741]: Usable res: 800 600 120
[22:32:30][graphicssettings.cpp:741]: Usable res: 800 600 56
[22:32:30][graphicssettings.cpp:741]: Usable res: 800 600 60
[22:32:30][graphicssettings.cpp:741]: Usable res: 800 600 72
[22:32:30][graphicssettings.cpp:741]: Usable res: 800 600 119
[22:32:30][graphicssettings.cpp:741]: Usable res: 800 600 144
[22:32:30][graphicssettings.cpp:741]: Usable res: 1024 768 100
[22:32:30][graphicssettings.cpp:741]: Usable res: 1024 768 120
[22:32:30][graphicssettings.cpp:741]: Usable res: 1024 768 60
[22:32:30][graphicssettings.cpp:741]: Usable res: 1024 768 70
[22:32:30][graphicssettings.cpp:741]: Usable res: 1024 768 75
[22:32:30][graphicssettings.cpp:741]: Usable res: 1024 768 119
[22:32:30][graphicssettings.cpp:741]: Usable res: 1024 768 144
[22:32:30][graphicssettings.cpp:741]: Usable res: 1152 864 75
[22:32:30][graphicssettings.cpp:741]: Usable res: 1152 864 100
[22:32:30][graphicssettings.cpp:741]: Usable res: 1152 864 120
[22:32:30][graphicssettings.cpp:741]: Usable res: 1152 864 119
[22:32:30][graphicssettings.cpp:741]: Usable res: 1152 864 144
[22:32:30][graphicssettings.cpp:741]: Usable res: 1176 664 50
[22:32:30][graphicssettings.cpp:741]: Usable res: 1176 664 60
[22:32:30][graphicssettings.cpp:741]: Usable res: 1176 664 100
[22:32:30][graphicssettings.cpp:741]: Usable res: 1176 664 120
[22:32:30][graphicssettings.cpp:741]: Usable res: 1176 664 59
[22:32:30][graphicssettings.cpp:741]: Usable res: 1176 664 119
[22:32:30][graphicssettings.cpp:741]: Usable res: 1176 664 144
[22:32:30][graphicssettings.cpp:741]: Usable res: 1280 720 50
[22:32:30][graphicssettings.cpp:741]: Usable res: 1280 720 60
[22:32:30][graphicssettings.cpp:741]: Usable res: 1280 720 100
[22:32:30][graphicssettings.cpp:741]: Usable res: 1280 720 120
[22:32:30][graphicssettings.cpp:741]: Usable res: 1280 720 59
[22:32:30][graphicssettings.cpp:741]: Usable res: 1280 720 119
[22:32:30][graphicssettings.cpp:741]: Usable res: 1280 720 144
[22:32:30][graphicssettings.cpp:741]: Usable res: 1280 768 60
[22:32:30][graphicssettings.cpp:741]: Usable res: 1280 768 100
[22:32:30][graphicssettings.cpp:741]: Usable res: 1280 768 120
[22:32:30][graphicssettings.cpp:741]: Usable res: 1280 768 119
[22:32:30][graphicssettings.cpp:741]: Usable res: 1280 768 144
[22:32:30][graphicssettings.cpp:741]: Usable res: 1280 800 60
[22:32:30][graphicssettings.cpp:741]: Usable res: 1280 800 100
[22:32:30][graphicssettings.cpp:741]: Usable res: 1280 800 120
[22:32:30][graphicssettings.cpp:741]: Usable res: 1280 800 119
[22:32:30][graphicssettings.cpp:741]: Usable res: 1280 800 144
[22:32:30][graphicssettings.cpp:741]: Usable res: 1280 960 60
[22:32:30][graphicssettings.cpp:741]: Usable res: 1280 960 100
[22:32:30][graphicssettings.cpp:741]: Usable res: 1280 960 120
[22:32:30][graphicssettings.cpp:741]: Usable res: 1280 960 119
[22:32:30][graphicssettings.cpp:741]: Usable res: 1280 960 144
[22:32:30][graphicssettings.cpp:741]: Usable res: 1280 1024 100
[22:32:30][graphicssettings.cpp:741]: Usable res: 1280 1024 120
[22:32:30][graphicssettings.cpp:741]: Usable res: 1280 1024 60
[22:32:30][graphicssettings.cpp:741]: Usable res: 1280 1024 75
[22:32:30][graphicssettings.cpp:741]: Usable res: 1280 1024 119
[22:32:30][graphicssettings.cpp:741]: Usable res: 1280 1024 144
[22:32:30][graphicssettings.cpp:741]: Usable res: 1360 768 100
[22:32:30][graphicssettings.cpp:741]: Usable res: 1360 768 120
[22:32:30][graphicssettings.cpp:741]: Usable res: 1360 768 59
[22:32:30][graphicssettings.cpp:741]: Usable res: 1360 768 119
[22:32:30][graphicssettings.cpp:741]: Usable res: 1360 768 144
[22:32:30][graphicssettings.cpp:741]: Usable res: 1366 768 100
[22:32:30][graphicssettings.cpp:741]: Usable res: 1366 768 120
[22:32:30][graphicssettings.cpp:741]: Usable res: 1366 768 59
[22:32:30][graphicssettings.cpp:741]: Usable res: 1366 768 119
[22:32:30][graphicssettings.cpp:741]: Usable res: 1366 768 144
[22:32:30][graphicssettings.cpp:741]: Usable res: 1440 900 100
[22:32:30][graphicssettings.cpp:741]: Usable res: 1440 900 120
[22:32:30][graphicssettings.cpp:741]: Usable res: 1440 900 59
[22:32:30][graphicssettings.cpp:741]: Usable res: 1440 900 119
[22:32:30][graphicssettings.cpp:741]: Usable res: 1440 900 144
[22:32:30][graphicssettings.cpp:741]: Usable res: 1440 1080 50
[22:32:30][graphicssettings.cpp:741]: Usable res: 1440 1080 60
[22:32:30][graphicssettings.cpp:741]: Usable res: 1440 1080 100
[22:32:30][graphicssettings.cpp:741]: Usable res: 1440 1080 120
[22:32:30][graphicssettings.cpp:741]: Usable res: 1440 1080 59
[22:32:30][graphicssettings.cpp:741]: Usable res: 1440 1080 119
[22:32:30][graphicssettings.cpp:741]: Usable res: 1440 1080 144
[22:32:30][graphicssettings.cpp:741]: Usable res: 1600 900 100
[22:32:30][graphicssettings.cpp:741]: Usable res: 1600 900 120
[22:32:30][graphicssettings.cpp:741]: Usable res: 1600 900 59
[22:32:30][graphicssettings.cpp:741]: Usable res: 1600 900 119
[22:32:30][graphicssettings.cpp:741]: Usable res: 1600 900 144
[22:32:30][graphicssettings.cpp:741]: Usable res: 1600 1024 100
[22:32:30][graphicssettings.cpp:741]: Usable res: 1600 1024 120
[22:32:30][graphicssettings.cpp:741]: Usable res: 1600 1024 59
[22:32:30][graphicssettings.cpp:741]: Usable res: 1600 1024 119
[22:32:30][graphicssettings.cpp:741]: Usable res: 1600 1024 144
[22:32:30][graphicssettings.cpp:741]: Usable res: 1680 1050 100
[22:32:30][graphicssettings.cpp:741]: Usable res: 1680 1050 120
[22:32:30][graphicssettings.cpp:741]: Usable res: 1680 1050 59
[22:32:30][graphicssettings.cpp:741]: Usable res: 1680 1050 119
[22:32:30][graphicssettings.cpp:741]: Usable res: 1680 1050 144
[22:32:30][graphicssettings.cpp:741]: Usable res: 1920 1080 50
[22:32:30][graphicssettings.cpp:741]: Usable res: 1920 1080 60
[22:32:30][graphicssettings.cpp:741]: Usable res: 1920 1080 100
[22:32:30][graphicssettings.cpp:741]: Usable res: 1920 1080 120
[22:32:30][graphicssettings.cpp:741]: Usable res: 1920 1080 59
[22:32:30][graphicssettings.cpp:741]: Usable res: 1920 1080 119
[22:32:30][graphicssettings.cpp:741]: Usable res: 1920 1080 144
[22:32:30][graphics.cpp:856]: Done creating device.
